[debug] [2018-09-26T21:02:40.049Z] ----------------------------------------------------------------------
[debug] [2018-09-26T21:02:40.051Z] Command:       C:\Program Files\nodejs\node.exe C:\Users\STD\AppData\Roaming\npm\node_modules\firebase-tools\bin\firebase serve
[debug] [2018-09-26T21:02:40.051Z] CLI Version:   4.2.1
[debug] [2018-09-26T21:02:40.052Z] Platform:      win32
[debug] [2018-09-26T21:02:40.052Z] Node Version:  v8.11.3
[debug] [2018-09-26T21:02:40.052Z] Time:          Thu Sep 27 2018 04:02:40 GMT+0700 (SE Asia Standard Time)
[debug] [2018-09-26T21:02:40.052Z] ----------------------------------------------------------------------
[debug] 
[debug] [2018-09-26T21:02:40.062Z] > command requires scopes: ["email","openid","https://www.googleapis.com/auth/cloudplatformprojects.readonly","https://www.googleapis.com/auth/firebase","https://www.googleapis.com/auth/cloud-platform"]
[debug] [2018-09-26T21:02:40.062Z] > authorizing via signed-in user
[debug] [2018-09-26T21:02:40.064Z] >>> HTTP REQUEST GET https://admin.firebase.com/v1/projects/shopee-50b0c  
 
[debug] [2018-09-26T21:02:41.188Z] <<< HTTP RESPONSE 200
[debug] [2018-09-26T21:02:41.189Z] >>> HTTP REQUEST GET https://cloudresourcemanager.googleapis.com/v1/projects/shopee-50b0c  
 
[debug] [2018-09-26T21:02:42.549Z] <<< HTTP RESPONSE 200
[info] 
[info] === Serving from 'D:\977-341\Quiz_I'...
[info] 
[debug] [2018-09-26T21:02:42.551Z] >>> HTTP REQUEST GET https://mobilesdk-pa.googleapis.com/v1/projects/777247292085/clients/_:getWebAppConfig  
 
[debug] [2018-09-26T21:02:43.771Z] <<< HTTP RESPONSE 200
[info] i  hosting[shopee-50b0c]: Serving hosting files from: public
[info] +  hosting[shopee-50b0c]: Local server: http://localhost:5000
